CRITICAL - 2023-09-23 08:27:00 --> Undefined variable $music
in APPPATH\Views\music_all_in_one.php on line 34.
 1 APPPATH\Views\music_all_in_one.php(34): CodeIgniter\Debug\Exceptions->errorHandler(2, 'Undefined variable $music', 'C:\\laragon\\www\\jmcs\\app\\Views\\music_all_in_one.php', 34)
 2 SYSTEMPATH\View\View.php(226): include('C:\\laragon\\www\\jmcs\\app\\Views\\music_all_in_one.php')
 3 SYSTEMPATH\View\View.php(229): CodeIgniter\View\View->CodeIgniter\View\{closure}()
 4 SYSTEMPATH\Common.php(1188): CodeIgniter\View\View->render('music_all_in_one', [], true)
 5 APPPATH\Controllers\MusicController.php(68): view('music_all_in_one', [...])
 6 SYSTEMPATH\CodeIgniter.php(919): App\Controllers\MusicController->play('1')
 7 SYSTEMPATH\CodeIgniter.php(494): CodeIgniter\CodeIgniter->runController(Object(App\Controllers\MusicController))
 8 SYSTEMPATH\CodeIgniter.php(353): CodeIgniter\CodeIgniter->handleRequest(null, Object(Config\Cache), false)
 9 FCPATH\index.php(79): CodeIgniter\CodeIgniter->run()
10 SYSTEMPATH\Commands\Server\rewrite.php(47): require_once('C:\\laragon\\www\\jmcs\\public\\index.php')
CRITICAL - 2023-09-23 08:27:18 --> Undefined variable $music
in APPPATH\Views\music_all_in_one.php on line 34.
 1 APPPATH\Views\music_all_in_one.php(34): CodeIgniter\Debug\Exceptions->errorHandler(2, 'Undefined variable $music', 'C:\\laragon\\www\\jmcs\\app\\Views\\music_all_in_one.php', 34)
 2 SYSTEMPATH\View\View.php(226): include('C:\\laragon\\www\\jmcs\\app\\Views\\music_all_in_one.php')
 3 SYSTEMPATH\View\View.php(229): CodeIgniter\View\View->CodeIgniter\View\{closure}()
 4 SYSTEMPATH\Common.php(1188): CodeIgniter\View\View->render('music_all_in_one', [], true)
 5 APPPATH\Controllers\MusicController.php(83): view('music_all_in_one', [...])
 6 SYSTEMPATH\CodeIgniter.php(919): App\Controllers\MusicController->delete('1')
 7 SYSTEMPATH\CodeIgniter.php(494): CodeIgniter\CodeIgniter->runController(Object(App\Controllers\MusicController))
 8 SYSTEMPATH\CodeIgniter.php(353): CodeIgniter\CodeIgniter->handleRequest(null, Object(Config\Cache), false)
 9 FCPATH\index.php(79): CodeIgniter\CodeIgniter->run()
10 SYSTEMPATH\Commands\Server\rewrite.php(47): require_once('C:\\laragon\\www\\jmcs\\public\\index.php')
CRITICAL - 2023-09-23 08:27:44 --> Undefined variable $music
in APPPATH\Views\music_all_in_one.php on line 34.
 1 APPPATH\Views\music_all_in_one.php(34): CodeIgniter\Debug\Exceptions->errorHandler(2, 'Undefined variable $music', 'C:\\laragon\\www\\jmcs\\app\\Views\\music_all_in_one.php', 34)
 2 SYSTEMPATH\View\View.php(226): include('C:\\laragon\\www\\jmcs\\app\\Views\\music_all_in_one.php')
 3 SYSTEMPATH\View\View.php(229): CodeIgniter\View\View->CodeIgniter\View\{closure}()
 4 SYSTEMPATH\Common.php(1188): CodeIgniter\View\View->render('music_all_in_one', [], true)
 5 APPPATH\Controllers\MusicController.php(68): view('music_all_in_one', [...])
 6 SYSTEMPATH\CodeIgniter.php(919): App\Controllers\MusicController->play('1')
 7 SYSTEMPATH\CodeIgniter.php(494): CodeIgniter\CodeIgniter->runController(Object(App\Controllers\MusicController))
 8 SYSTEMPATH\CodeIgniter.php(353): CodeIgniter\CodeIgniter->handleRequest(null, Object(Config\Cache), false)
 9 FCPATH\index.php(79): CodeIgniter\CodeIgniter->run()
10 SYSTEMPATH\Commands\Server\rewrite.php(47): require_once('C:\\laragon\\www\\jmcs\\public\\index.php')
CRITICAL - 2023-09-23 08:29:14 --> Undefined variable $Music
in APPPATH\Views\music_all_in_one.php on line 34.
 1 APPPATH\Views\music_all_in_one.php(34): CodeIgniter\Debug\Exceptions->errorHandler(2, 'Undefined variable $Music', 'C:\\laragon\\www\\jmcs\\app\\Views\\music_all_in_one.php', 34)
 2 SYSTEMPATH\View\View.php(226): include('C:\\laragon\\www\\jmcs\\app\\Views\\music_all_in_one.php')
 3 SYSTEMPATH\View\View.php(229): CodeIgniter\View\View->CodeIgniter\View\{closure}()
 4 SYSTEMPATH\Common.php(1188): CodeIgniter\View\View->render('music_all_in_one', [], true)
 5 APPPATH\Controllers\MusicController.php(68): view('music_all_in_one', [...])
 6 SYSTEMPATH\CodeIgniter.php(919): App\Controllers\MusicController->play('1')
 7 SYSTEMPATH\CodeIgniter.php(494): CodeIgniter\CodeIgniter->runController(Object(App\Controllers\MusicController))
 8 SYSTEMPATH\CodeIgniter.php(353): CodeIgniter\CodeIgniter->handleRequest(null, Object(Config\Cache), false)
 9 FCPATH\index.php(79): CodeIgniter\CodeIgniter->run()
10 SYSTEMPATH\Commands\Server\rewrite.php(47): require_once('C:\\laragon\\www\\jmcs\\public\\index.php')
CRITICAL - 2023-09-23 08:29:17 --> Undefined variable $Music
in APPPATH\Views\music_all_in_one.php on line 34.
 1 APPPATH\Views\music_all_in_one.php(34): CodeIgniter\Debug\Exceptions->errorHandler(2, 'Undefined variable $Music', 'C:\\laragon\\www\\jmcs\\app\\Views\\music_all_in_one.php', 34)
 2 SYSTEMPATH\View\View.php(226): include('C:\\laragon\\www\\jmcs\\app\\Views\\music_all_in_one.php')
 3 SYSTEMPATH\View\View.php(229): CodeIgniter\View\View->CodeIgniter\View\{closure}()
 4 SYSTEMPATH\Common.php(1188): CodeIgniter\View\View->render('music_all_in_one', [], true)
 5 APPPATH\Controllers\MusicController.php(68): view('music_all_in_one', [...])
 6 SYSTEMPATH\CodeIgniter.php(919): App\Controllers\MusicController->play('1')
 7 SYSTEMPATH\CodeIgniter.php(494): CodeIgniter\CodeIgniter->runController(Object(App\Controllers\MusicController))
 8 SYSTEMPATH\CodeIgniter.php(353): CodeIgniter\CodeIgniter->handleRequest(null, Object(Config\Cache), false)
 9 FCPATH\index.php(79): CodeIgniter\CodeIgniter->run()
10 SYSTEMPATH\Commands\Server\rewrite.php(47): require_once('C:\\laragon\\www\\jmcs\\public\\index.php')
CRITICAL - 2023-09-23 08:30:14 --> Undefined variable $music
in APPPATH\Views\music_all_in_one.php on line 34.
 1 APPPATH\Views\music_all_in_one.php(34): CodeIgniter\Debug\Exceptions->errorHandler(2, 'Undefined variable $music', 'C:\\laragon\\www\\jmcs\\app\\Views\\music_all_in_one.php', 34)
 2 SYSTEMPATH\View\View.php(226): include('C:\\laragon\\www\\jmcs\\app\\Views\\music_all_in_one.php')
 3 SYSTEMPATH\View\View.php(229): CodeIgniter\View\View->CodeIgniter\View\{closure}()
 4 SYSTEMPATH\Common.php(1188): CodeIgniter\View\View->render('music_all_in_one', [], true)
 5 APPPATH\Controllers\MusicController.php(83): view('music_all_in_one', [...])
 6 SYSTEMPATH\CodeIgniter.php(919): App\Controllers\MusicController->delete('1')
 7 SYSTEMPATH\CodeIgniter.php(494): CodeIgniter\CodeIgniter->runController(Object(App\Controllers\MusicController))
 8 SYSTEMPATH\CodeIgniter.php(353): CodeIgniter\CodeIgniter->handleRequest(null, Object(Config\Cache), false)
 9 FCPATH\index.php(79): CodeIgniter\CodeIgniter->run()
10 SYSTEMPATH\Commands\Server\rewrite.php(47): require_once('C:\\laragon\\www\\jmcs\\public\\index.php')
CRITICAL - 2023-09-23 08:34:15 --> Invalid file: "music_all_in_one.php"
in SYSTEMPATH\Exceptions\FrameworkException.php on line 39.
 1 SYSTEMPATH\View\View.php(214): CodeIgniter\Exceptions\FrameworkException::forInvalidFile('music_all_in_one.php')
 2 SYSTEMPATH\Common.php(1188): CodeIgniter\View\View->render('music_all_in_one', [], true)
 3 APPPATH\Controllers\MusicController.php(16): view('music_all_in_one', [...])
 4 SYSTEMPATH\CodeIgniter.php(919): App\Controllers\MusicController->index()
 5 SYSTEMPATH\CodeIgniter.php(494): CodeIgniter\CodeIgniter->runController(Object(App\Controllers\MusicController))
 6 SYSTEMPATH\CodeIgniter.php(353): CodeIgniter\CodeIgniter->handleRequest(null, Object(Config\Cache), false)
 7 FCPATH\index.php(79): CodeIgniter\CodeIgniter->run()
 8 SYSTEMPATH\Commands\Server\rewrite.php(47): require_once('C:\\laragon\\www\\jmcs\\public\\index.php')
CRITICAL - 2023-09-23 08:40:36 --> Undefined variable $music
in APPPATH\Views\jmusic.php on line 34.
 1 APPPATH\Views\jmusic.php(34): CodeIgniter\Debug\Exceptions->errorHandler(2, 'Undefined variable $music', 'C:\\laragon\\www\\jmcs\\app\\Views\\jmusic.php', 34)
 2 SYSTEMPATH\View\View.php(226): include('C:\\laragon\\www\\jmcs\\app\\Views\\jmusic.php')
 3 SYSTEMPATH\View\View.php(229): CodeIgniter\View\View->CodeIgniter\View\{closure}()
 4 SYSTEMPATH\Common.php(1188): CodeIgniter\View\View->render('jmusic', [], true)
 5 APPPATH\Controllers\MController.php(83): view('jmusic', [...])
 6 SYSTEMPATH\CodeIgniter.php(919): App\Controllers\MController->delete('1')
 7 SYSTEMPATH\CodeIgniter.php(494): CodeIgniter\CodeIgniter->runController(Object(App\Controllers\MController))
 8 SYSTEMPATH\CodeIgniter.php(353): CodeIgniter\CodeIgniter->handleRequest(null, Object(Config\Cache), false)
 9 FCPATH\index.php(79): CodeIgniter\CodeIgniter->run()
10 SYSTEMPATH\Commands\Server\rewrite.php(47): require_once('C:\\laragon\\www\\jmcs\\public\\index.php')
CRITICAL - 2023-09-23 09:08:17 --> Undefined variable $music
in APPPATH\Views\jmusic.php on line 34.
 1 APPPATH\Views\jmusic.php(34): CodeIgniter\Debug\Exceptions->errorHandler(2, 'Undefined variable $music', 'C:\\laragon\\www\\jmcs\\app\\Views\\jmusic.php', 34)
 2 SYSTEMPATH\View\View.php(226): include('C:\\laragon\\www\\jmcs\\app\\Views\\jmusic.php')
 3 SYSTEMPATH\View\View.php(229): CodeIgniter\View\View->CodeIgniter\View\{closure}()
 4 SYSTEMPATH\Common.php(1188): CodeIgniter\View\View->render('jmusic', [], true)
 5 APPPATH\Controllers\Home.php(9): view('jmusic')
 6 SYSTEMPATH\CodeIgniter.php(919): App\Controllers\Home->index()
 7 SYSTEMPATH\CodeIgniter.php(494): CodeIgniter\CodeIgniter->runController(Object(App\Controllers\Home))
 8 SYSTEMPATH\CodeIgniter.php(353): CodeIgniter\CodeIgniter->handleRequest(null, Object(Config\Cache), false)
 9 FCPATH\index.php(79): CodeIgniter\CodeIgniter->run()
10 SYSTEMPATH\Commands\Server\rewrite.php(47): require_once('C:\\laragon\\www\\jmcs\\public\\index.php')
CRITICAL - 2023-09-23 09:08:19 --> Undefined variable $music
in APPPATH\Views\jmusic.php on line 34.
 1 APPPATH\Views\jmusic.php(34): CodeIgniter\Debug\Exceptions->errorHandler(2, 'Undefined variable $music', 'C:\\laragon\\www\\jmcs\\app\\Views\\jmusic.php', 34)
 2 SYSTEMPATH\View\View.php(226): include('C:\\laragon\\www\\jmcs\\app\\Views\\jmusic.php')
 3 SYSTEMPATH\View\View.php(229): CodeIgniter\View\View->CodeIgniter\View\{closure}()
 4 SYSTEMPATH\Common.php(1188): CodeIgniter\View\View->render('jmusic', [], true)
 5 APPPATH\Controllers\Home.php(9): view('jmusic')
 6 SYSTEMPATH\CodeIgniter.php(919): App\Controllers\Home->index()
 7 SYSTEMPATH\CodeIgniter.php(494): CodeIgniter\CodeIgniter->runController(Object(App\Controllers\Home))
 8 SYSTEMPATH\CodeIgniter.php(353): CodeIgniter\CodeIgniter->handleRequest(null, Object(Config\Cache), false)
 9 FCPATH\index.php(79): CodeIgniter\CodeIgniter->run()
10 SYSTEMPATH\Commands\Server\rewrite.php(47): require_once('C:\\laragon\\www\\jmcs\\public\\index.php')
CRITICAL - 2023-09-23 09:08:48 --> Undefined variable $music
in APPPATH\Views\jmusic.php on line 34.
 1 APPPATH\Views\jmusic.php(34): CodeIgniter\Debug\Exceptions->errorHandler(2, 'Undefined variable $music', 'C:\\laragon\\www\\jmcs\\app\\Views\\jmusic.php', 34)
 2 SYSTEMPATH\View\View.php(226): include('C:\\laragon\\www\\jmcs\\app\\Views\\jmusic.php')
 3 SYSTEMPATH\View\View.php(229): CodeIgniter\View\View->CodeIgniter\View\{closure}()
 4 SYSTEMPATH\Common.php(1188): CodeIgniter\View\View->render('jmusic', [], true)
 5 APPPATH\Controllers\Home.php(9): view('jmusic')
 6 SYSTEMPATH\CodeIgniter.php(919): App\Controllers\Home->index()
 7 SYSTEMPATH\CodeIgniter.php(494): CodeIgniter\CodeIgniter->runController(Object(App\Controllers\Home))
 8 SYSTEMPATH\CodeIgniter.php(353): CodeIgniter\CodeIgniter->handleRequest(null, Object(Config\Cache), false)
 9 FCPATH\index.php(79): CodeIgniter\CodeIgniter->run()
10 SYSTEMPATH\Commands\Server\rewrite.php(47): require_once('C:\\laragon\\www\\jmcs\\public\\index.php')
CRITICAL - 2023-09-23 09:16:19 --> Invalid file: "music.php"
in SYSTEMPATH\Exceptions\FrameworkException.php on line 39.
 1 SYSTEMPATH\View\View.php(214): CodeIgniter\Exceptions\FrameworkException::forInvalidFile('music.php')
 2 SYSTEMPATH\Common.php(1188): CodeIgniter\View\View->render('music', [], true)
 3 APPPATH\Controllers\Home.php(9): view('music')
 4 SYSTEMPATH\CodeIgniter.php(919): App\Controllers\Home->index()
 5 SYSTEMPATH\CodeIgniter.php(494): CodeIgniter\CodeIgniter->runController(Object(App\Controllers\Home))
 6 SYSTEMPATH\CodeIgniter.php(353): CodeIgniter\CodeIgniter->handleRequest(null, Object(Config\Cache), false)
 7 FCPATH\index.php(79): CodeIgniter\CodeIgniter->run()
 8 SYSTEMPATH\Commands\Server\rewrite.php(47): require_once('C:\\laragon\\www\\jmcs\\public\\index.php')
CRITICAL - 2023-09-23 09:17:47 --> Undefined variable $music
in APPPATH\Views\welcome_message.php on line 34.
 1 APPPATH\Views\welcome_message.php(34): CodeIgniter\Debug\Exceptions->errorHandler(2, 'Undefined variable $music', 'C:\\laragon\\www\\jmcs\\app\\Views\\welcome_message.php', 34)
 2 SYSTEMPATH\View\View.php(226): include('C:\\laragon\\www\\jmcs\\app\\Views\\welcome_message.php')
 3 SYSTEMPATH\View\View.php(229): CodeIgniter\View\View->CodeIgniter\View\{closure}()
 4 SYSTEMPATH\Common.php(1188): CodeIgniter\View\View->render('welcome_message', [], true)
 5 APPPATH\Controllers\Home.php(9): view('welcome_message')
 6 SYSTEMPATH\CodeIgniter.php(919): App\Controllers\Home->index()
 7 SYSTEMPATH\CodeIgniter.php(494): CodeIgniter\CodeIgniter->runController(Object(App\Controllers\Home))
 8 SYSTEMPATH\CodeIgniter.php(353): CodeIgniter\CodeIgniter->handleRequest(null, Object(Config\Cache), false)
 9 FCPATH\index.php(79): CodeIgniter\CodeIgniter->run()
10 SYSTEMPATH\Commands\Server\rewrite.php(47): require_once('C:\\laragon\\www\\jmcs\\public\\index.php')
CRITICAL - 2023-09-23 09:23:56 --> Class "App\Models\MusicModel" not found
in APPPATH\Controllers\MController.php on line 41.
 1 SYSTEMPATH\CodeIgniter.php(919): App\Controllers\MController->upload()
 2 SYSTEMPATH\CodeIgniter.php(494): CodeIgniter\CodeIgniter->runController(Object(App\Controllers\MController))
 3 SYSTEMPATH\CodeIgniter.php(353): CodeIgniter\CodeIgniter->handleRequest(null, Object(Config\Cache), false)
 4 FCPATH\index.php(79): CodeIgniter\CodeIgniter->run()
 5 SYSTEMPATH\Commands\Server\rewrite.php(47): require_once('C:\\laragon\\www\\jmcs\\public\\index.php')
CRITICAL - 2023-09-23 09:28:53 --> Unmatched ')'
in APPPATH\Views\jmusic.php on line 45.
 1 SYSTEMPATH\View\View.php(229): CodeIgniter\View\View->CodeIgniter\View\{closure}()
 2 SYSTEMPATH\Common.php(1188): CodeIgniter\View\View->render('jmusic', [], true)
 3 APPPATH\Controllers\MController.php(16): view('jmusic', [...])
 4 SYSTEMPATH\CodeIgniter.php(919): App\Controllers\MController->index()
 5 SYSTEMPATH\CodeIgniter.php(494): CodeIgniter\CodeIgniter->runController(Object(App\Controllers\MController))
 6 SYSTEMPATH\CodeIgniter.php(353): CodeIgniter\CodeIgniter->handleRequest(null, Object(Config\Cache), false)
 7 FCPATH\index.php(79): CodeIgniter\CodeIgniter->run()
 8 SYSTEMPATH\Commands\Server\rewrite.php(47): require_once('C:\\laragon\\www\\jmcs\\public\\index.php')
CRITICAL - 2023-09-23 09:29:28 --> Unmatched ')'
in APPPATH\Views\jmusic.php on line 45.
 1 SYSTEMPATH\View\View.php(229): CodeIgniter\View\View->CodeIgniter\View\{closure}()
 2 SYSTEMPATH\Common.php(1188): CodeIgniter\View\View->render('jmusic', [], true)
 3 APPPATH\Controllers\MController.php(16): view('jmusic', [...])
 4 SYSTEMPATH\CodeIgniter.php(919): App\Controllers\MController->index()
 5 SYSTEMPATH\CodeIgniter.php(494): CodeIgniter\CodeIgniter->runController(Object(App\Controllers\MController))
 6 SYSTEMPATH\CodeIgniter.php(353): CodeIgniter\CodeIgniter->handleRequest(null, Object(Config\Cache), false)
 7 FCPATH\index.php(79): CodeIgniter\CodeIgniter->run()
 8 SYSTEMPATH\Commands\Server\rewrite.php(47): require_once('C:\\laragon\\www\\jmcs\\public\\index.php')
CRITICAL - 2023-09-23 09:29:38 --> Unmatched ')'
in APPPATH\Views\jmusic.php on line 45.
 1 SYSTEMPATH\View\View.php(229): CodeIgniter\View\View->CodeIgniter\View\{closure}()
 2 SYSTEMPATH\Common.php(1188): CodeIgniter\View\View->render('jmusic', [], true)
 3 APPPATH\Controllers\MController.php(16): view('jmusic', [...])
 4 SYSTEMPATH\CodeIgniter.php(919): App\Controllers\MController->index()
 5 SYSTEMPATH\CodeIgniter.php(494): CodeIgniter\CodeIgniter->runController(Object(App\Controllers\MController))
 6 SYSTEMPATH\CodeIgniter.php(353): CodeIgniter\CodeIgniter->handleRequest(null, Object(Config\Cache), false)
 7 FCPATH\index.php(79): CodeIgniter\CodeIgniter->run()
 8 SYSTEMPATH\Commands\Server\rewrite.php(47): require_once('C:\\laragon\\www\\jmcs\\public\\index.php')
CRITICAL - 2023-09-23 09:34:15 --> Undefined array key "title"
in APPPATH\Views\jmusic.php on line 94.
 1 APPPATH\Views\jmusic.php(94): CodeIgniter\Debug\Exceptions->errorHandler(2, 'Undefined array key "title"', 'C:\\laragon\\www\\jmcs\\app\\Views\\jmusic.php', 94)
 2 SYSTEMPATH\View\View.php(226): include('C:\\laragon\\www\\jmcs\\app\\Views\\jmusic.php')
 3 SYSTEMPATH\View\View.php(229): CodeIgniter\View\View->CodeIgniter\View\{closure}()
 4 SYSTEMPATH\Common.php(1188): CodeIgniter\View\View->render('jmusic', [], true)
 5 APPPATH\Controllers\MController.php(16): view('jmusic', [...])
 6 SYSTEMPATH\CodeIgniter.php(919): App\Controllers\MController->index()
 7 SYSTEMPATH\CodeIgniter.php(494): CodeIgniter\CodeIgniter->runController(Object(App\Controllers\MController))
 8 SYSTEMPATH\CodeIgniter.php(353): CodeIgniter\CodeIgniter->handleRequest(null, Object(Config\Cache), false)
 9 FCPATH\index.php(79): CodeIgniter\CodeIgniter->run()
10 SYSTEMPATH\Commands\Server\rewrite.php(47): require_once('C:\\laragon\\www\\jmcs\\public\\index.php')
CRITICAL - 2023-09-23 10:04:33 --> Invalid file: "music_all_in_one.php"
in SYSTEMPATH\Exceptions\FrameworkException.php on line 39.
 1 SYSTEMPATH\View\View.php(214): CodeIgniter\Exceptions\FrameworkException::forInvalidFile('music_all_in_one.php')
 2 SYSTEMPATH\Common.php(1188): CodeIgniter\View\View->render('music_all_in_one', [], true)
 3 APPPATH\Controllers\MController.php(70): view('music_all_in_one', [...])
 4 SYSTEMPATH\CodeIgniter.php(919): App\Controllers\MController->index()
 5 SYSTEMPATH\CodeIgniter.php(494): CodeIgniter\CodeIgniter->runController(Object(App\Controllers\MController))
 6 SYSTEMPATH\CodeIgniter.php(353): CodeIgniter\CodeIgniter->handleRequest(null, Object(Config\Cache), false)
 7 FCPATH\index.php(79): CodeIgniter\CodeIgniter->run()
 8 SYSTEMPATH\Commands\Server\rewrite.php(47): require_once('C:\\laragon\\www\\jmcs\\public\\index.php')
CRITICAL - 2023-09-23 10:06:47 --> Undefined variable $music
in APPPATH\Views\jmusic.php on line 34.
 1 APPPATH\Views\jmusic.php(34): CodeIgniter\Debug\Exceptions->errorHandler(2, 'Undefined variable $music', 'C:\\laragon\\www\\jmcs\\app\\Views\\jmusic.php', 34)
 2 SYSTEMPATH\View\View.php(226): include('C:\\laragon\\www\\jmcs\\app\\Views\\jmusic.php')
 3 SYSTEMPATH\View\View.php(229): CodeIgniter\View\View->CodeIgniter\View\{closure}()
 4 SYSTEMPATH\Common.php(1188): CodeIgniter\View\View->render('jmusic', [], true)
 5 APPPATH\Controllers\MController.php(135): view('jmusic', [...])
 6 SYSTEMPATH\CodeIgniter.php(919): App\Controllers\MController->play('1')
 7 SYSTEMPATH\CodeIgniter.php(494): CodeIgniter\CodeIgniter->runController(Object(App\Controllers\MController))
 8 SYSTEMPATH\CodeIgniter.php(353): CodeIgniter\CodeIgniter->handleRequest(null, Object(Config\Cache), false)
 9 FCPATH\index.php(79): CodeIgniter\CodeIgniter->run()
10 SYSTEMPATH\Commands\Server\rewrite.php(47): require_once('C:\\laragon\\www\\jmcs\\public\\index.php')
CRITICAL - 2023-09-23 10:18:23 --> Invalid file: "jmusic.php"
in SYSTEMPATH\Exceptions\FrameworkException.php on line 39.
 1 SYSTEMPATH\View\View.php(214): CodeIgniter\Exceptions\FrameworkException::forInvalidFile('jmusic.php')
 2 SYSTEMPATH\Common.php(1188): CodeIgniter\View\View->render('jmusic', [], true)
 3 APPPATH\Controllers\MController.php(70): view('jmusic', [...])
 4 SYSTEMPATH\CodeIgniter.php(919): App\Controllers\MController->index()
 5 SYSTEMPATH\CodeIgniter.php(494): CodeIgniter\CodeIgniter->runController(Object(App\Controllers\MController))
 6 SYSTEMPATH\CodeIgniter.php(353): CodeIgniter\CodeIgniter->handleRequest(null, Object(Config\Cache), false)
 7 FCPATH\index.php(79): CodeIgniter\CodeIgniter->run()
 8 SYSTEMPATH\Commands\Server\rewrite.php(47): require_once('C:\\laragon\\www\\jmcs\\public\\index.php')
CRITICAL - 2023-09-23 10:20:37 --> Invalid file: "jmusic.php"
in SYSTEMPATH\Exceptions\FrameworkException.php on line 39.
 1 SYSTEMPATH\View\View.php(214): CodeIgniter\Exceptions\FrameworkException::forInvalidFile('jmusic.php')
 2 SYSTEMPATH\Common.php(1188): CodeIgniter\View\View->render('jmusic', [], true)
 3 APPPATH\Controllers\MController.php(70): view('jmusic', [...])
 4 SYSTEMPATH\CodeIgniter.php(919): App\Controllers\MController->index()
 5 SYSTEMPATH\CodeIgniter.php(494): CodeIgniter\CodeIgniter->runController(Object(App\Controllers\MController))
 6 SYSTEMPATH\CodeIgniter.php(353): CodeIgniter\CodeIgniter->handleRequest(null, Object(Config\Cache), false)
 7 FCPATH\index.php(79): CodeIgniter\CodeIgniter->run()
 8 SYSTEMPATH\Commands\Server\rewrite.php(47): require_once('C:\\laragon\\www\\jmcs\\public\\index.php')
CRITICAL - 2023-09-23 10:23:25 --> Invalid file: "music.php"
in SYSTEMPATH\Exceptions\FrameworkException.php on line 39.
 1 SYSTEMPATH\View\View.php(214): CodeIgniter\Exceptions\FrameworkException::forInvalidFile('music.php')
 2 SYSTEMPATH\Common.php(1188): CodeIgniter\View\View->render('music', [], true)
 3 APPPATH\Controllers\Home.php(9): view('music')
 4 SYSTEMPATH\CodeIgniter.php(919): App\Controllers\Home->index()
 5 SYSTEMPATH\CodeIgniter.php(494): CodeIgniter\CodeIgniter->runController(Object(App\Controllers\Home))
 6 SYSTEMPATH\CodeIgniter.php(353): CodeIgniter\CodeIgniter->handleRequest(null, Object(Config\Cache), false)
 7 FCPATH\index.php(79): CodeIgniter\CodeIgniter->run()
 8 SYSTEMPATH\Commands\Server\rewrite.php(47): require_once('C:\\laragon\\www\\jmcs\\public\\index.php')
CRITICAL - 2023-09-23 10:37:55 --> Undefined variable $song
in APPPATH\Views\jmusic.php on line 51.
 1 APPPATH\Views\jmusic.php(51): CodeIgniter\Debug\Exceptions->errorHandler(2, 'Undefined variable $song', 'C:\\laragon\\www\\jmcs\\app\\Views\\jmusic.php', 51)
 2 SYSTEMPATH\View\View.php(226): include('C:\\laragon\\www\\jmcs\\app\\Views\\jmusic.php')
 3 SYSTEMPATH\View\View.php(229): CodeIgniter\View\View->CodeIgniter\View\{closure}()
 4 SYSTEMPATH\Common.php(1188): CodeIgniter\View\View->render('jmusic', [], true)
 5 APPPATH\Controllers\MController.php(135): view('jmusic', [...])
 6 SYSTEMPATH\CodeIgniter.php(919): App\Controllers\MController->play('6')
 7 SYSTEMPATH\CodeIgniter.php(494): CodeIgniter\CodeIgniter->runController(Object(App\Controllers\MController))
 8 SYSTEMPATH\CodeIgniter.php(353): CodeIgniter\CodeIgniter->handleRequest(null, Object(Config\Cache), false)
 9 FCPATH\index.php(79): CodeIgniter\CodeIgniter->run()
10 SYSTEMPATH\Commands\Server\rewrite.php(47): require_once('C:\\laragon\\www\\jmcs\\public\\index.php')
CRITICAL - 2023-09-23 09:57:31 --> Invalid file: "music.php"
in SYSTEMPATH\Exceptions\FrameworkException.php on line 39.
 1 SYSTEMPATH\View\View.php(214): CodeIgniter\Exceptions\FrameworkException::forInvalidFile('music.php')
 2 SYSTEMPATH\Common.php(1188): CodeIgniter\View\View->render('music', [], true)
 3 APPPATH\Controllers\Home.php(9): view('music')
 4 SYSTEMPATH\CodeIgniter.php(919): App\Controllers\Home->index()
 5 SYSTEMPATH\CodeIgniter.php(494): CodeIgniter\CodeIgniter->runController(Object(App\Controllers\Home))
 6 SYSTEMPATH\CodeIgniter.php(353): CodeIgniter\CodeIgniter->handleRequest(null, Object(Config\Cache), false)
 7 FCPATH\index.php(79): CodeIgniter\CodeIgniter->run()
 8 SYSTEMPATH\Commands\Server\rewrite.php(47): require_once('C:\\laragon\\www\\jmcs\\public\\index.php')
CRITICAL - 2023-09-23 09:57:55 --> Invalid file: "MController/music.php"
in SYSTEMPATH\Exceptions\FrameworkException.php on line 39.
 1 SYSTEMPATH\View\View.php(214): CodeIgniter\Exceptions\FrameworkException::forInvalidFile('MController/music.php')
 2 SYSTEMPATH\Common.php(1188): CodeIgniter\View\View->render('MController/music', [], true)
 3 APPPATH\Controllers\Home.php(9): view('MController/music')
 4 SYSTEMPATH\CodeIgniter.php(919): App\Controllers\Home->index()
 5 SYSTEMPATH\CodeIgniter.php(494): CodeIgniter\CodeIgniter->runController(Object(App\Controllers\Home))
 6 SYSTEMPATH\CodeIgniter.php(353): CodeIgniter\CodeIgniter->handleRequest(null, Object(Config\Cache), false)
 7 FCPATH\index.php(79): CodeIgniter\CodeIgniter->run()
 8 SYSTEMPATH\Commands\Server\rewrite.php(47): require_once('C:\\laragon\\www\\jmcs\\public\\index.php')
CRITICAL - 2023-09-23 09:57:57 --> Invalid file: "MController/music.php"
in SYSTEMPATH\Exceptions\FrameworkException.php on line 39.
 1 SYSTEMPATH\View\View.php(214): CodeIgniter\Exceptions\FrameworkException::forInvalidFile('MController/music.php')
 2 SYSTEMPATH\Common.php(1188): CodeIgniter\View\View->render('MController/music', [], true)
 3 APPPATH\Controllers\Home.php(9): view('MController/music')
 4 SYSTEMPATH\CodeIgniter.php(919): App\Controllers\Home->index()
 5 SYSTEMPATH\CodeIgniter.php(494): CodeIgniter\CodeIgniter->runController(Object(App\Controllers\Home))
 6 SYSTEMPATH\CodeIgniter.php(353): CodeIgniter\CodeIgniter->handleRequest(null, Object(Config\Cache), false)
 7 FCPATH\index.php(79): CodeIgniter\CodeIgniter->run()
 8 SYSTEMPATH\Commands\Server\rewrite.php(47): require_once('C:\\laragon\\www\\jmcs\\public\\index.php')
CRITICAL - 2023-09-23 09:57:57 --> Invalid file: "MController/music.php"
in SYSTEMPATH\Exceptions\FrameworkException.php on line 39.
 1 SYSTEMPATH\View\View.php(214): CodeIgniter\Exceptions\FrameworkException::forInvalidFile('MController/music.php')
 2 SYSTEMPATH\Common.php(1188): CodeIgniter\View\View->render('MController/music', [], true)
 3 APPPATH\Controllers\Home.php(9): view('MController/music')
 4 SYSTEMPATH\CodeIgniter.php(919): App\Controllers\Home->index()
 5 SYSTEMPATH\CodeIgniter.php(494): CodeIgniter\CodeIgniter->runController(Object(App\Controllers\Home))
 6 SYSTEMPATH\CodeIgniter.php(353): CodeIgniter\CodeIgniter->handleRequest(null, Object(Config\Cache), false)
 7 FCPATH\index.php(79): CodeIgniter\CodeIgniter->run()
 8 SYSTEMPATH\Commands\Server\rewrite.php(47): require_once('C:\\laragon\\www\\jmcs\\public\\index.php')
CRITICAL - 2023-09-23 09:57:58 --> Invalid file: "MController/music.php"
in SYSTEMPATH\Exceptions\FrameworkException.php on line 39.
 1 SYSTEMPATH\View\View.php(214): CodeIgniter\Exceptions\FrameworkException::forInvalidFile('MController/music.php')
 2 SYSTEMPATH\Common.php(1188): CodeIgniter\View\View->render('MController/music', [], true)
 3 APPPATH\Controllers\Home.php(9): view('MController/music')
 4 SYSTEMPATH\CodeIgniter.php(919): App\Controllers\Home->index()
 5 SYSTEMPATH\CodeIgniter.php(494): CodeIgniter\CodeIgniter->runController(Object(App\Controllers\Home))
 6 SYSTEMPATH\CodeIgniter.php(353): CodeIgniter\CodeIgniter->handleRequest(null, Object(Config\Cache), false)
 7 FCPATH\index.php(79): CodeIgniter\CodeIgniter->run()
 8 SYSTEMPATH\Commands\Server\rewrite.php(47): require_once('C:\\laragon\\www\\jmcs\\public\\index.php')
CRITICAL - 2023-09-23 09:57:58 --> Invalid file: "MController/music.php"
in SYSTEMPATH\Exceptions\FrameworkException.php on line 39.
 1 SYSTEMPATH\View\View.php(214): CodeIgniter\Exceptions\FrameworkException::forInvalidFile('MController/music.php')
 2 SYSTEMPATH\Common.php(1188): CodeIgniter\View\View->render('MController/music', [], true)
 3 APPPATH\Controllers\Home.php(9): view('MController/music')
 4 SYSTEMPATH\CodeIgniter.php(919): App\Controllers\Home->index()
 5 SYSTEMPATH\CodeIgniter.php(494): CodeIgniter\CodeIgniter->runController(Object(App\Controllers\Home))
 6 SYSTEMPATH\CodeIgniter.php(353): CodeIgniter\CodeIgniter->handleRequest(null, Object(Config\Cache), false)
 7 FCPATH\index.php(79): CodeIgniter\CodeIgniter->run()
 8 SYSTEMPATH\Commands\Server\rewrite.php(47): require_once('C:\\laragon\\www\\jmcs\\public\\index.php')
CRITICAL - 2023-09-23 09:58:16 --> Invalid file: "Home.php"
in SYSTEMPATH\Exceptions\FrameworkException.php on line 39.
 1 SYSTEMPATH\View\View.php(214): CodeIgniter\Exceptions\FrameworkException::forInvalidFile('Home.php')
 2 SYSTEMPATH\Common.php(1188): CodeIgniter\View\View->render('Home', [], true)
 3 APPPATH\Controllers\Home.php(9): view('Home')
 4 SYSTEMPATH\CodeIgniter.php(919): App\Controllers\Home->index()
 5 SYSTEMPATH\CodeIgniter.php(494): CodeIgniter\CodeIgniter->runController(Object(App\Controllers\Home))
 6 SYSTEMPATH\CodeIgniter.php(353): CodeIgniter\CodeIgniter->handleRequest(null, Object(Config\Cache), false)
 7 FCPATH\index.php(79): CodeIgniter\CodeIgniter->run()
 8 SYSTEMPATH\Commands\Server\rewrite.php(47): require_once('C:\\laragon\\www\\jmcs\\public\\index.php')
CRITICAL - 2023-09-23 09:58:23 --> Invalid file: "index.php"
in SYSTEMPATH\Exceptions\FrameworkException.php on line 39.
 1 SYSTEMPATH\View\View.php(214): CodeIgniter\Exceptions\FrameworkException::forInvalidFile('index.php')
 2 SYSTEMPATH\Common.php(1188): CodeIgniter\View\View->render('index', [], true)
 3 APPPATH\Controllers\Home.php(9): view('index')
 4 SYSTEMPATH\CodeIgniter.php(919): App\Controllers\Home->index()
 5 SYSTEMPATH\CodeIgniter.php(494): CodeIgniter\CodeIgniter->runController(Object(App\Controllers\Home))
 6 SYSTEMPATH\CodeIgniter.php(353): CodeIgniter\CodeIgniter->handleRequest(null, Object(Config\Cache), false)
 7 FCPATH\index.php(79): CodeIgniter\CodeIgniter->run()
 8 SYSTEMPATH\Commands\Server\rewrite.php(47): require_once('C:\\laragon\\www\\jmcs\\public\\index.php')
CRITICAL - 2023-09-23 11:48:40 --> syntax error, unexpected end of file, expecting "elseif" or "else" or "endif"
in APPPATH\Views\jmusic.php on line 96.
 1 SYSTEMPATH\View\View.php(229): CodeIgniter\View\View->CodeIgniter\View\{closure}()
 2 SYSTEMPATH\Common.php(1188): CodeIgniter\View\View->render('jmusic', [], true)
 3 APPPATH\Controllers\MController.php(135): view('jmusic', [...])
 4 SYSTEMPATH\CodeIgniter.php(919): App\Controllers\MController->play('19')
 5 SYSTEMPATH\CodeIgniter.php(494): CodeIgniter\CodeIgniter->runController(Object(App\Controllers\MController))
 6 SYSTEMPATH\CodeIgniter.php(353): CodeIgniter\CodeIgniter->handleRequest(null, Object(Config\Cache), false)
 7 FCPATH\index.php(79): CodeIgniter\CodeIgniter->run()
 8 SYSTEMPATH\Commands\Server\rewrite.php(47): require_once('C:\\laragon\\www\\jmcs\\public\\index.php')
CRITICAL - 2023-09-23 11:49:55 --> Undefined variable $song
in APPPATH\Views\jmusic.php on line 88.
 1 APPPATH\Views\jmusic.php(88): CodeIgniter\Debug\Exceptions->errorHandler(2, 'Undefined variable $song', 'C:\\laragon\\www\\jmcs\\app\\Views\\jmusic.php', 88)
 2 SYSTEMPATH\View\View.php(226): include('C:\\laragon\\www\\jmcs\\app\\Views\\jmusic.php')
 3 SYSTEMPATH\View\View.php(229): CodeIgniter\View\View->CodeIgniter\View\{closure}()
 4 SYSTEMPATH\Common.php(1188): CodeIgniter\View\View->render('jmusic', [], true)
 5 APPPATH\Controllers\MController.php(135): view('jmusic', [...])
 6 SYSTEMPATH\CodeIgniter.php(919): App\Controllers\MController->play('19')
 7 SYSTEMPATH\CodeIgniter.php(494): CodeIgniter\CodeIgniter->runController(Object(App\Controllers\MController))
 8 SYSTEMPATH\CodeIgniter.php(353): CodeIgniter\CodeIgniter->handleRequest(null, Object(Config\Cache), false)
 9 FCPATH\index.php(79): CodeIgniter\CodeIgniter->run()
10 SYSTEMPATH\Commands\Server\rewrite.php(47): require_once('C:\\laragon\\www\\jmcs\\public\\index.php')
CRITICAL - 2023-09-23 11:50:35 --> syntax error, unexpected token "endif"
in APPPATH\Views\jmusic.php on line 109.
 1 SYSTEMPATH\View\View.php(229): CodeIgniter\View\View->CodeIgniter\View\{closure}()
 2 SYSTEMPATH\Common.php(1188): CodeIgniter\View\View->render('jmusic', [], true)
 3 APPPATH\Controllers\MController.php(135): view('jmusic', [...])
 4 SYSTEMPATH\CodeIgniter.php(919): App\Controllers\MController->play('19')
 5 SYSTEMPATH\CodeIgniter.php(494): CodeIgniter\CodeIgniter->runController(Object(App\Controllers\MController))
 6 SYSTEMPATH\CodeIgniter.php(353): CodeIgniter\CodeIgniter->handleRequest(null, Object(Config\Cache), false)
 7 FCPATH\index.php(79): CodeIgniter\CodeIgniter->run()
 8 SYSTEMPATH\Commands\Server\rewrite.php(47): require_once('C:\\laragon\\www\\jmcs\\public\\index.php')
CRITICAL - 2023-09-23 11:51:16 --> syntax error, unexpected token "endif"
in APPPATH\Views\jmusic.php on line 102.
 1 SYSTEMPATH\View\View.php(229): CodeIgniter\View\View->CodeIgniter\View\{closure}()
 2 SYSTEMPATH\Common.php(1188): CodeIgniter\View\View->render('jmusic', [], true)
 3 APPPATH\Controllers\MController.php(135): view('jmusic', [...])
 4 SYSTEMPATH\CodeIgniter.php(919): App\Controllers\MController->play('19')
 5 SYSTEMPATH\CodeIgniter.php(494): CodeIgniter\CodeIgniter->runController(Object(App\Controllers\MController))
 6 SYSTEMPATH\CodeIgniter.php(353): CodeIgniter\CodeIgniter->handleRequest(null, Object(Config\Cache), false)
 7 FCPATH\index.php(79): CodeIgniter\CodeIgniter->run()
 8 SYSTEMPATH\Commands\Server\rewrite.php(47): require_once('C:\\laragon\\www\\jmcs\\public\\index.php')
CRITICAL - 2023-09-23 11:51:59 --> syntax error, unexpected end of file, expecting "elseif" or "else" or "endif"
in APPPATH\Views\jmusic.php on line 95.
 1 SYSTEMPATH\View\View.php(229): CodeIgniter\View\View->CodeIgniter\View\{closure}()
 2 SYSTEMPATH\Common.php(1188): CodeIgniter\View\View->render('jmusic', [], true)
 3 APPPATH\Controllers\MController.php(135): view('jmusic', [...])
 4 SYSTEMPATH\CodeIgniter.php(919): App\Controllers\MController->play('19')
 5 SYSTEMPATH\CodeIgniter.php(494): CodeIgniter\CodeIgniter->runController(Object(App\Controllers\MController))
 6 SYSTEMPATH\CodeIgniter.php(353): CodeIgniter\CodeIgniter->handleRequest(null, Object(Config\Cache), false)
 7 FCPATH\index.php(79): CodeIgniter\CodeIgniter->run()
 8 SYSTEMPATH\Commands\Server\rewrite.php(47): require_once('C:\\laragon\\www\\jmcs\\public\\index.php')
CRITICAL - 2023-09-23 12:03:20 --> syntax error, unexpected token "else", expecting end of file
in APPPATH\Views\jmusic.php on line 58.
 1 SYSTEMPATH\View\View.php(229): CodeIgniter\View\View->CodeIgniter\View\{closure}()
 2 SYSTEMPATH\Common.php(1188): CodeIgniter\View\View->render('jmusic', [], true)
 3 APPPATH\Controllers\MController.php(135): view('jmusic', [...])
 4 SYSTEMPATH\CodeIgniter.php(919): App\Controllers\MController->play('20')
 5 SYSTEMPATH\CodeIgniter.php(494): CodeIgniter\CodeIgniter->runController(Object(App\Controllers\MController))
 6 SYSTEMPATH\CodeIgniter.php(353): CodeIgniter\CodeIgniter->handleRequest(null, Object(Config\Cache), false)
 7 FCPATH\index.php(79): CodeIgniter\CodeIgniter->run()
 8 SYSTEMPATH\Commands\Server\rewrite.php(47): require_once('C:\\laragon\\www\\jmcs\\public\\index.php')
CRITICAL - 2023-09-23 12:05:29 --> Undefined variable $song
in APPPATH\Views\jmusic.php on line 59.
 1 APPPATH\Views\jmusic.php(59): CodeIgniter\Debug\Exceptions->errorHandler(2, 'Undefined variable $song', 'C:\\laragon\\www\\jmcs\\app\\Views\\jmusic.php', 59)
 2 SYSTEMPATH\View\View.php(226): include('C:\\laragon\\www\\jmcs\\app\\Views\\jmusic.php')
 3 SYSTEMPATH\View\View.php(229): CodeIgniter\View\View->CodeIgniter\View\{closure}()
 4 SYSTEMPATH\Common.php(1188): CodeIgniter\View\View->render('jmusic', [], true)
 5 APPPATH\Controllers\MController.php(135): view('jmusic', [...])
 6 SYSTEMPATH\CodeIgniter.php(919): App\Controllers\MController->play('20')
 7 SYSTEMPATH\CodeIgniter.php(494): CodeIgniter\CodeIgniter->runController(Object(App\Controllers\MController))
 8 SYSTEMPATH\CodeIgniter.php(353): CodeIgniter\CodeIgniter->handleRequest(null, Object(Config\Cache), false)
 9 FCPATH\index.php(79): CodeIgniter\CodeIgniter->run()
10 SYSTEMPATH\Commands\Server\rewrite.php(47): require_once('C:\\laragon\\www\\jmcs\\public\\index.php')
CRITICAL - 2023-09-23 12:05:50 --> syntax error, unexpected token "endif"
in APPPATH\Views\jmusic.php on line 75.
 1 SYSTEMPATH\View\View.php(229): CodeIgniter\View\View->CodeIgniter\View\{closure}()
 2 SYSTEMPATH\Common.php(1188): CodeIgniter\View\View->render('jmusic', [], true)
 3 APPPATH\Controllers\MController.php(135): view('jmusic', [...])
 4 SYSTEMPATH\CodeIgniter.php(919): App\Controllers\MController->play('20')
 5 SYSTEMPATH\CodeIgniter.php(494): CodeIgniter\CodeIgniter->runController(Object(App\Controllers\MController))
 6 SYSTEMPATH\CodeIgniter.php(353): CodeIgniter\CodeIgniter->handleRequest(null, Object(Config\Cache), false)
 7 FCPATH\index.php(79): CodeIgniter\CodeIgniter->run()
 8 SYSTEMPATH\Commands\Server\rewrite.php(47): require_once('C:\\laragon\\www\\jmcs\\public\\index.php')
CRITICAL - 2023-09-23 12:07:23 --> syntax error, unexpected end of file
in APPPATH\Views\jmusic.php on line 106.
 1 SYSTEMPATH\View\View.php(229): CodeIgniter\View\View->CodeIgniter\View\{closure}()
 2 SYSTEMPATH\Common.php(1188): CodeIgniter\View\View->render('jmusic', [], true)
 3 APPPATH\Controllers\MController.php(135): view('jmusic', [...])
 4 SYSTEMPATH\CodeIgniter.php(919): App\Controllers\MController->play('20')
 5 SYSTEMPATH\CodeIgniter.php(494): CodeIgniter\CodeIgniter->runController(Object(App\Controllers\MController))
 6 SYSTEMPATH\CodeIgniter.php(353): CodeIgniter\CodeIgniter->handleRequest(null, Object(Config\Cache), false)
 7 FCPATH\index.php(79): CodeIgniter\CodeIgniter->run()
 8 SYSTEMPATH\Commands\Server\rewrite.php(47): require_once('C:\\laragon\\www\\jmcs\\public\\index.php')
CRITICAL - 2023-09-23 12:08:59 --> syntax error, unexpected token "endif"
in APPPATH\Views\jmusic.php on line 72.
 1 SYSTEMPATH\View\View.php(229): CodeIgniter\View\View->CodeIgniter\View\{closure}()
 2 SYSTEMPATH\Common.php(1188): CodeIgniter\View\View->render('jmusic', [], true)
 3 APPPATH\Controllers\MController.php(135): view('jmusic', [...])
 4 SYSTEMPATH\CodeIgniter.php(919): App\Controllers\MController->play('20')
 5 SYSTEMPATH\CodeIgniter.php(494): CodeIgniter\CodeIgniter->runController(Object(App\Controllers\MController))
 6 SYSTEMPATH\CodeIgniter.php(353): CodeIgniter\CodeIgniter->handleRequest(null, Object(Config\Cache), false)
 7 FCPATH\index.php(79): CodeIgniter\CodeIgniter->run()
 8 SYSTEMPATH\Commands\Server\rewrite.php(47): require_once('C:\\laragon\\www\\jmcs\\public\\index.php')
CRITICAL - 2023-09-23 12:10:00 --> Undefined variable $song
in APPPATH\Views\jmusic.php on line 59.
 1 APPPATH\Views\jmusic.php(59): CodeIgniter\Debug\Exceptions->errorHandler(2, 'Undefined variable $song', 'C:\\laragon\\www\\jmcs\\app\\Views\\jmusic.php', 59)
 2 SYSTEMPATH\View\View.php(226): include('C:\\laragon\\www\\jmcs\\app\\Views\\jmusic.php')
 3 SYSTEMPATH\View\View.php(229): CodeIgniter\View\View->CodeIgniter\View\{closure}()
 4 SYSTEMPATH\Common.php(1188): CodeIgniter\View\View->render('jmusic', [], true)
 5 APPPATH\Controllers\MController.php(135): view('jmusic', [...])
 6 SYSTEMPATH\CodeIgniter.php(919): App\Controllers\MController->play('20')
 7 SYSTEMPATH\CodeIgniter.php(494): CodeIgniter\CodeIgniter->runController(Object(App\Controllers\MController))
 8 SYSTEMPATH\CodeIgniter.php(353): CodeIgniter\CodeIgniter->handleRequest(null, Object(Config\Cache), false)
 9 FCPATH\index.php(79): CodeIgniter\CodeIgniter->run()
10 SYSTEMPATH\Commands\Server\rewrite.php(47): require_once('C:\\laragon\\www\\jmcs\\public\\index.php')
CRITICAL - 2023-09-23 12:10:39 --> syntax error, unexpected end of file
in APPPATH\Views\jmusic.php on line 106.
 1 SYSTEMPATH\View\View.php(229): CodeIgniter\View\View->CodeIgniter\View\{closure}()
 2 SYSTEMPATH\Common.php(1188): CodeIgniter\View\View->render('jmusic', [], true)
 3 APPPATH\Controllers\MController.php(135): view('jmusic', [...])
 4 SYSTEMPATH\CodeIgniter.php(919): App\Controllers\MController->play('20')
 5 SYSTEMPATH\CodeIgniter.php(494): CodeIgniter\CodeIgniter->runController(Object(App\Controllers\MController))
 6 SYSTEMPATH\CodeIgniter.php(353): CodeIgniter\CodeIgniter->handleRequest(null, Object(Config\Cache), false)
 7 FCPATH\index.php(79): CodeIgniter\CodeIgniter->run()
 8 SYSTEMPATH\Commands\Server\rewrite.php(47): require_once('C:\\laragon\\www\\jmcs\\public\\index.php')
CRITICAL - 2023-09-23 12:45:18 --> Call to undefined function base_urlA()
in APPPATH\Views\play.php on line 35.
 1 SYSTEMPATH\View\View.php(226): include()
 2 SYSTEMPATH\View\View.php(229): CodeIgniter\View\View->CodeIgniter\View\{closure}()
 3 SYSTEMPATH\Common.php(1188): CodeIgniter\View\View->render('play', [], true)
 4 APPPATH\Controllers\MController.php(135): view('play', [...])
 5 SYSTEMPATH\CodeIgniter.php(919): App\Controllers\MController->play('20')
 6 SYSTEMPATH\CodeIgniter.php(494): CodeIgniter\CodeIgniter->runController(Object(App\Controllers\MController))
 7 SYSTEMPATH\CodeIgniter.php(353): CodeIgniter\CodeIgniter->handleRequest(null, Object(Config\Cache), false)
 8 FCPATH\index.php(79): CodeIgniter\CodeIgniter->run()
 9 SYSTEMPATH\Commands\Server\rewrite.php(47): require_once('C:\\laragon\\www\\jmcs\\public\\index.php')
CRITICAL - 2023-09-23 12:46:05 --> Call to undefined function base_urlA()
in APPPATH\Views\play.php on line 35.
 1 SYSTEMPATH\View\View.php(226): include()
 2 SYSTEMPATH\View\View.php(229): CodeIgniter\View\View->CodeIgniter\View\{closure}()
 3 SYSTEMPATH\Common.php(1188): CodeIgniter\View\View->render('play', [], true)
 4 APPPATH\Controllers\MController.php(135): view('play', [...])
 5 SYSTEMPATH\CodeIgniter.php(919): App\Controllers\MController->play('21')
 6 SYSTEMPATH\CodeIgniter.php(494): CodeIgniter\CodeIgniter->runController(Object(App\Controllers\MController))
 7 SYSTEMPATH\CodeIgniter.php(353): CodeIgniter\CodeIgniter->handleRequest(null, Object(Config\Cache), false)
 8 FCPATH\index.php(79): CodeIgniter\CodeIgniter->run()
 9 SYSTEMPATH\Commands\Server\rewrite.php(47): require_once('C:\\laragon\\www\\jmcs\\public\\index.php')
CRITICAL - 2023-09-23 12:50:07 --> syntax error, unexpected token "endif", expecting end of file
in APPPATH\Views\play.php on line 45.
 1 SYSTEMPATH\View\View.php(229): CodeIgniter\View\View->CodeIgniter\View\{closure}()
 2 SYSTEMPATH\Common.php(1188): CodeIgniter\View\View->render('play', [], true)
 3 APPPATH\Controllers\MController.php(135): view('play', [...])
 4 SYSTEMPATH\CodeIgniter.php(919): App\Controllers\MController->play('20')
 5 SYSTEMPATH\CodeIgniter.php(494): CodeIgniter\CodeIgniter->runController(Object(App\Controllers\MController))
 6 SYSTEMPATH\CodeIgniter.php(353): CodeIgniter\CodeIgniter->handleRequest(null, Object(Config\Cache), false)
 7 FCPATH\index.php(79): CodeIgniter\CodeIgniter->run()
 8 SYSTEMPATH\Commands\Server\rewrite.php(47): require_once('C:\\laragon\\www\\jmcs\\public\\index.php')
CRITICAL - 2023-09-23 12:50:23 --> Call to undefined function base_urlA()
in APPPATH\Views\play.php on line 35.
 1 SYSTEMPATH\View\View.php(226): include()
 2 SYSTEMPATH\View\View.php(229): CodeIgniter\View\View->CodeIgniter\View\{closure}()
 3 SYSTEMPATH\Common.php(1188): CodeIgniter\View\View->render('play', [], true)
 4 APPPATH\Controllers\MController.php(135): view('play', [...])
 5 SYSTEMPATH\CodeIgniter.php(919): App\Controllers\MController->play('20')
 6 SYSTEMPATH\CodeIgniter.php(494): CodeIgniter\CodeIgniter->runController(Object(App\Controllers\MController))
 7 SYSTEMPATH\CodeIgniter.php(353): CodeIgniter\CodeIgniter->handleRequest(null, Object(Config\Cache), false)
 8 FCPATH\index.php(79): CodeIgniter\CodeIgniter->run()
 9 SYSTEMPATH\Commands\Server\rewrite.php(47): require_once('C:\\laragon\\www\\jmcs\\public\\index.php')
